2019-04-04 11:00:16.444 [http-nio-7777-exec-3] INFO  com.course.controller.UserManager - cookies验证通过
2019-04-04 11:00:16.554 [http-nio-7777-exec-3] INFO  com.course.controller.UserManager - getUserInfo获取到的用户数量是3
2019-04-04 11:01:54.534 [http-nio-7777-exec-5] INFO  com.course.controller.UserManager - 查看到的结果是1
2019-04-04 11:01:54.588 [http-nio-7777-exec-6] INFO  com.course.controller.UserManager - 查看到的结果是0
2019-04-04 11:01:54.628 [http-nio-7777-exec-7] INFO  com.course.controller.UserManager - cookies验证通过
2019-04-04 11:01:54.631 [http-nio-7777-exec-7] INFO  com.course.controller.UserManager - getUserInfo获取到的用户数量是3
2019-04-04 11:02:58.102 [http-nio-7777-exec-9] INFO  com.course.controller.UserManager - 查看到的结果是1
2019-04-04 11:02:58.155 [http-nio-7777-exec-10] INFO  com.course.controller.UserManager - 查看到的结果是0
2019-04-04 11:03:24.173 [http-nio-7777-exec-1] INFO  com.course.controller.UserManager - cookies验证通过
2019-04-04 11:03:24.185 [http-nio-7777-exec-1] INFO  com.course.controller.UserManager - getUserInfo获取到的用户数量是3
2019-04-04 11:04:43.987 [http-nio-7777-exec-4] INFO  com.course.controller.UserManager - cookies验证通过
2019-04-04 11:04:43.993 [http-nio-7777-exec-4] INFO  com.course.controller.UserManager - getUserInfo获取到的用户数量是3
2019-04-04 11:06:38.723 [http-nio-7777-exec-6] INFO  com.course.controller.UserManager - 查看到的结果是1
2019-04-04 11:06:38.799 [http-nio-7777-exec-7] INFO  com.course.controller.UserManager - 查看到的结果是0
2019-04-04 11:07:23.899 [http-nio-7777-exec-9] INFO  com.course.controller.UserManager - 查看到的结果是1
2019-04-04 11:07:23.962 [http-nio-7777-exec-10] INFO  com.course.controller.UserManager - 查看到的结果是0
2019-04-04 11:07:35.629 [http-nio-7777-exec-1] INFO  com.course.controller.UserManager - cookies验证通过
2019-04-04 11:07:35.635 [http-nio-7777-exec-1] INFO  com.course.controller.UserManager - getUserInfo获取到的用户数量是3
2019-04-04 11:08:10.250 [http-nio-7777-exec-3] INFO  com.course.controller.UserManager - 查看到的结果是1
2019-04-04 11:08:10.310 [http-nio-7777-exec-4] INFO  com.course.controller.UserManager - 查看到的结果是0
2019-04-04 11:08:19.936 [http-nio-7777-exec-5] INFO  com.course.controller.UserManager - cookies验证通过
2019-04-04 11:08:19.943 [http-nio-7777-exec-5] INFO  com.course.controller.UserManager - getUserInfo获取到的用户数量是1
2019-04-04 11:09:48.503 [http-nio-7777-exec-7] INFO  com.course.controller.UserManager - 查看到的结果是1
2019-04-04 11:09:48.552 [http-nio-7777-exec-8] INFO  com.course.controller.UserManager - 查看到的结果是0
2019-04-04 11:09:48.593 [http-nio-7777-exec-9] INFO  com.course.controller.UserManager - cookies验证通过
2019-04-04 11:09:48.596 [http-nio-7777-exec-9] INFO  com.course.controller.UserManager - getUserInfo获取到的用户数量是1
2019-04-04 11:11:35.780 [http-nio-7777-exec-1] INFO  com.course.controller.UserManager - 查看到的结果是1
2019-04-04 11:11:35.856 [http-nio-7777-exec-2] INFO  com.course.controller.UserManager - 查看到的结果是0
2019-04-04 11:11:35.902 [http-nio-7777-exec-3] INFO  com.course.controller.UserManager - cookies验证通过
2019-04-04 11:11:35.903 [http-nio-7777-exec-3] INFO  com.course.controller.UserManager - getUserInfo获取到的用户数量是1
2019-04-04 11:14:05.173 [http-nio-7777-exec-5] INFO  com.course.controller.UserManager - 查看到的结果是1
2019-04-04 11:14:05.228 [http-nio-7777-exec-6] INFO  com.course.controller.UserManager - 查看到的结果是0
2019-04-04 11:14:05.264 [http-nio-7777-exec-7] INFO  com.course.controller.UserManager - cookies验证通过
2019-04-04 11:14:05.267 [http-nio-7777-exec-7] INFO  com.course.controller.UserManager - getUserInfo获取到的用户数量是1
2019-04-04 11:15:52.035 [http-nio-7777-exec-9] INFO  com.course.controller.UserManager - 查看到的结果是1
2019-04-04 11:15:52.089 [http-nio-7777-exec-10] INFO  com.course.controller.UserManager - 查看到的结果是0
2019-04-04 11:15:52.144 [http-nio-7777-exec-1] INFO  com.course.controller.UserManager - cookies验证通过
2019-04-04 11:15:52.146 [http-nio-7777-exec-1] INFO  com.course.controller.UserManager - getUserInfo获取到的用户数量是0
2019-04-04 11:18:22.735 [http-nio-7777-exec-3] INFO  com.course.controller.UserManager - 查看到的结果是1
2019-04-04 11:18:22.798 [http-nio-7777-exec-4] INFO  com.course.controller.UserManager - 查看到的结果是0
2019-04-04 11:18:22.833 [http-nio-7777-exec-5] INFO  com.course.controller.UserManager - cookies验证通过
2019-04-04 11:18:22.835 [http-nio-7777-exec-5] INFO  com.course.controller.UserManager - getUserInfo获取到的用户数量是0
2019-04-04 11:19:12.273 [http-nio-7777-exec-7] INFO  com.course.controller.UserManager - 查看到的结果是1
2019-04-04 11:19:12.327 [http-nio-7777-exec-8] INFO  com.course.controller.UserManager - 查看到的结果是0
2019-04-04 11:19:12.360 [http-nio-7777-exec-9] INFO  com.course.controller.UserManager - cookies验证通过
2019-04-04 11:19:12.362 [http-nio-7777-exec-9] INFO  com.course.controller.UserManager - getUserInfo获取到的用户数量是0
2019-04-04 11:20:59.222 [http-nio-7777-exec-1] INFO  com.course.controller.UserManager - 查看到的结果是1
2019-04-04 11:20:59.273 [http-nio-7777-exec-2] INFO  com.course.controller.UserManager - 查看到的结果是0
2019-04-04 11:20:59.312 [http-nio-7777-exec-3] INFO  com.course.controller.UserManager - cookies验证通过
2019-04-04 11:20:59.313 [http-nio-7777-exec-3] INFO  com.course.controller.UserManager - getUserInfo获取到的用户数量是0
2019-04-04 11:21:51.173 [http-nio-7777-exec-5] INFO  com.course.controller.UserManager - 查看到的结果是1
2019-04-04 11:21:51.224 [http-nio-7777-exec-6] INFO  com.course.controller.UserManager - 查看到的结果是0
2019-04-04 11:21:51.261 [http-nio-7777-exec-7] INFO  com.course.controller.UserManager - cookies验证通过
2019-04-04 11:21:51.263 [http-nio-7777-exec-7] INFO  com.course.controller.UserManager - getUserInfo获取到的用户数量是0
2019-04-04 11:22:18.831 [http-nio-7777-exec-9] INFO  com.course.controller.UserManager - 查看到的结果是1
2019-04-04 11:22:18.908 [http-nio-7777-exec-10] INFO  com.course.controller.UserManager - 查看到的结果是0
2019-04-04 11:22:39.177 [http-nio-7777-exec-1] INFO  com.course.controller.UserManager - cookies验证通过
2019-04-04 11:22:39.181 [http-nio-7777-exec-1] INFO  com.course.controller.UserManager - getUserInfo获取到的用户数量是0
2019-04-04 11:27:58.566 [http-nio-7777-exec-3] INFO  com.course.controller.UserManager - 查看到的结果是1
2019-04-04 11:27:58.618 [http-nio-7777-exec-4] INFO  com.course.controller.UserManager - 查看到的结果是0
2019-04-04 11:27:58.653 [http-nio-7777-exec-5] INFO  com.course.controller.UserManager - cookies验证通过
2019-04-04 11:27:58.655 [http-nio-7777-exec-5] INFO  com.course.controller.UserManager - getUserInfo获取到的用户数量是0
2019-04-04 14:06:42.582 [http-nio-7777-exec-7] INFO  com.course.controller.UserManager - 查看到的结果是1
2019-04-04 14:06:42.653 [http-nio-7777-exec-8] INFO  com.course.controller.UserManager - 查看到的结果是0
2019-04-04 14:06:45.832 [http-nio-7777-exec-9] INFO  com.course.controller.UserManager - cookies验证通过
2019-04-04 14:06:45.838 [http-nio-7777-exec-9] INFO  com.course.controller.UserManager - getUserInfo获取到的用户数量是1
2019-04-04 14:10:59.961 [http-nio-7777-exec-1] INFO  com.course.controller.UserManager - 查看到的结果是1
2019-04-04 14:11:00.020 [http-nio-7777-exec-2] INFO  com.course.controller.UserManager - 查看到的结果是0
2019-04-04 14:11:40.285 [http-nio-7777-exec-3] INFO  com.course.controller.UserManager - cookies验证通过
2019-04-04 14:11:40.291 [http-nio-7777-exec-3] INFO  com.course.controller.UserManager - getUserInfo获取到的用户数量是1
2019-04-04 14:18:58.578 [http-nio-7777-exec-5] INFO  com.course.controller.UserManager - 查看到的结果是1
2019-04-04 14:18:58.632 [http-nio-7777-exec-6] INFO  com.course.controller.UserManager - 查看到的结果是0
2019-04-04 14:19:32.669 [http-nio-7777-exec-7] INFO  com.course.controller.UserManager - cookies验证通过
2019-04-04 14:19:32.675 [http-nio-7777-exec-7] INFO  com.course.controller.UserManager - getUserInfo获取到的用户数量是1
2019-04-04 14:22:55.175 [http-nio-7777-exec-9] INFO  com.course.controller.UserManager - 查看到的结果是1
2019-04-04 14:22:55.239 [http-nio-7777-exec-10] INFO  com.course.controller.UserManager - 查看到的结果是0
2019-04-04 14:23:32.224 [http-nio-7777-exec-1] INFO  com.course.controller.UserManager - cookies验证通过
2019-04-04 14:23:32.229 [http-nio-7777-exec-1] INFO  com.course.controller.UserManager - getUserInfo获取到的用户数量是4
2019-04-04 14:38:29.660 [http-nio-7777-exec-3] INFO  com.course.controller.UserManager - 查看到的结果是1
2019-04-04 14:38:29.730 [http-nio-7777-exec-4] INFO  com.course.controller.UserManager - 查看到的结果是0
2019-04-04 14:38:29.775 [http-nio-7777-exec-5] INFO  com.course.controller.UserManager - cookies验证通过
2019-04-04 14:38:29.777 [http-nio-7777-exec-5] INFO  com.course.controller.UserManager - getUserInfo获取到的用户数量是4
2019-04-04 14:38:30.126 [http-nio-7777-exec-6] INFO  com.course.controller.UserManager - cookies验证通过
2019-04-04 14:38:30.128 [http-nio-7777-exec-6] INFO  com.course.controller.UserManager - getUserInfo获取到的用户数量是1
2019-04-04 14:40:32.677 [http-nio-7777-exec-8] INFO  com.course.controller.UserManager - 查看到的结果是1
2019-04-04 14:40:32.737 [http-nio-7777-exec-9] INFO  com.course.controller.UserManager - 查看到的结果是0
2019-04-04 14:40:32.775 [http-nio-7777-exec-10] INFO  com.course.controller.UserManager - cookies验证通过
2019-04-04 14:40:32.778 [http-nio-7777-exec-10] INFO  com.course.controller.UserManager - getUserInfo获取到的用户数量是4
2019-04-04 14:42:14.192 [http-nio-7777-exec-2] INFO  com.course.controller.UserManager - 查看到的结果是1
2019-04-04 14:42:14.245 [http-nio-7777-exec-3] INFO  com.course.controller.UserManager - 查看到的结果是0
2019-04-04 14:42:14.276 [http-nio-7777-exec-4] INFO  com.course.controller.UserManager - cookies验证通过
2019-04-04 14:42:14.278 [http-nio-7777-exec-4] INFO  com.course.controller.UserManager - getUserInfo获取到的用户数量是4
2019-04-04 14:43:44.199 [http-nio-7777-exec-6] INFO  com.course.controller.UserManager - 查看到的结果是1
2019-04-04 14:43:44.266 [http-nio-7777-exec-7] INFO  com.course.controller.UserManager - 查看到的结果是0
2019-04-04 14:43:47.529 [http-nio-7777-exec-8] INFO  com.course.controller.UserManager - cookies验证通过
2019-04-04 14:43:47.532 [http-nio-7777-exec-8] INFO  com.course.controller.UserManager - getUserInfo获取到的用户数量是4
2019-04-04 14:43:58.652 [http-nio-7777-exec-9] INFO  com.course.controller.UserManager - cookies验证通过
2019-04-04 14:43:58.656 [http-nio-7777-exec-9] INFO  com.course.controller.UserManager - getUserInfo获取到的用户数量是1
2019-04-04 14:45:47.419 [http-nio-7777-exec-1] INFO  com.course.controller.UserManager - 查看到的结果是1
2019-04-04 14:45:47.471 [http-nio-7777-exec-2] INFO  com.course.controller.UserManager - 查看到的结果是0
2019-04-04 14:45:47.518 [http-nio-7777-exec-3] INFO  com.course.controller.UserManager - cookies验证通过
2019-04-04 14:45:47.520 [http-nio-7777-exec-3] INFO  com.course.controller.UserManager - getUserInfo获取到的用户数量是4
2019-04-04 14:45:47.814 [http-nio-7777-exec-4] INFO  com.course.controller.UserManager - cookies验证通过
2019-04-04 14:45:47.816 [http-nio-7777-exec-4] INFO  com.course.controller.UserManager - getUserInfo获取到的用户数量是1
2019-04-04 14:48:37.715 [http-nio-7777-exec-6] INFO  com.course.controller.UserManager - 查看到的结果是1
2019-04-04 14:48:37.763 [http-nio-7777-exec-7] INFO  com.course.controller.UserManager - 查看到的结果是0
2019-04-04 14:48:37.804 [http-nio-7777-exec-8] INFO  com.course.controller.UserManager - cookies验证通过
2019-04-04 14:48:37.806 [http-nio-7777-exec-8] INFO  com.course.controller.UserManager - getUserInfo获取到的用户数量是4
2019-04-04 14:48:38.159 [http-nio-7777-exec-9] INFO  com.course.controller.UserManager - cookies验证通过
2019-04-04 14:48:38.161 [http-nio-7777-exec-9] INFO  com.course.controller.UserManager - getUserInfo获取到的用户数量是1
2019-04-04 14:52:24.475 [http-nio-7777-exec-1] INFO  com.course.controller.UserManager - 查看到的结果是1
2019-04-04 14:52:24.526 [http-nio-7777-exec-2] INFO  com.course.controller.UserManager - 查看到的结果是0
2019-04-04 14:52:24.560 [http-nio-7777-exec-3] INFO  com.course.controller.UserManager - cookies验证通过
2019-04-04 14:52:24.562 [http-nio-7777-exec-3] INFO  com.course.controller.UserManager - getUserInfo获取到的用户数量是4
2019-04-04 14:52:43.810 [http-nio-7777-exec-5] INFO  com.course.controller.UserManager - 查看到的结果是1
2019-04-04 14:52:43.858 [http-nio-7777-exec-6] INFO  com.course.controller.UserManager - 查看到的结果是0
2019-04-04 14:52:43.915 [http-nio-7777-exec-7] INFO  com.course.controller.UserManager - cookies验证通过
2019-04-04 14:52:43.917 [http-nio-7777-exec-7] INFO  com.course.controller.UserManager - getUserInfo获取到的用户数量是4
2019-04-04 14:52:44.227 [http-nio-7777-exec-8] INFO  com.course.controller.UserManager - cookies验证通过
2019-04-04 14:52:44.230 [http-nio-7777-exec-8] INFO  com.course.controller.UserManager - getUserInfo获取到的用户数量是1
2019-04-04 14:53:23.571 [http-nio-7777-exec-10] INFO  com.course.controller.UserManager - 查看到的结果是1
2019-04-04 14:53:23.632 [http-nio-7777-exec-1] INFO  com.course.controller.UserManager - 查看到的结果是0
2019-04-04 14:53:23.672 [http-nio-7777-exec-2] INFO  com.course.controller.UserManager - cookies验证通过
2019-04-04 14:53:23.674 [http-nio-7777-exec-2] INFO  com.course.controller.UserManager - getUserInfo获取到的用户数量是4
2019-04-04 14:53:23.985 [http-nio-7777-exec-3] INFO  com.course.controller.UserManager - cookies验证通过
2019-04-04 14:53:23.987 [http-nio-7777-exec-3] INFO  com.course.controller.UserManager - getUserInfo获取到的用户数量是1
2019-04-04 14:54:05.224 [http-nio-7777-exec-5] INFO  com.course.controller.UserManager - 查看到的结果是1
2019-04-04 14:54:05.282 [http-nio-7777-exec-6] INFO  com.course.controller.UserManager - 查看到的结果是0
2019-04-04 14:54:05.322 [http-nio-7777-exec-7] INFO  com.course.controller.UserManager - cookies验证通过
2019-04-04 14:54:05.324 [http-nio-7777-exec-7] INFO  com.course.controller.UserManager - getUserInfo获取到的用户数量是4
2019-04-04 14:56:51.215 [http-nio-7777-exec-9] INFO  com.course.controller.UserManager - 查看到的结果是1
2019-04-04 14:56:51.282 [http-nio-7777-exec-10] INFO  com.course.controller.UserManager - 查看到的结果是0
2019-04-04 14:56:51.331 [http-nio-7777-exec-1] INFO  com.course.controller.UserManager - cookies验证通过
2019-04-04 14:56:51.333 [http-nio-7777-exec-1] INFO  com.course.controller.UserManager - getUserInfo获取到的用户数量是4
2019-04-04 14:58:28.036 [http-nio-7777-exec-3] INFO  com.course.controller.UserManager - 查看到的结果是1
2019-04-04 14:58:28.088 [http-nio-7777-exec-4] INFO  com.course.controller.UserManager - 查看到的结果是0
2019-04-04 14:58:28.122 [http-nio-7777-exec-5] INFO  com.course.controller.UserManager - cookies验证通过
2019-04-04 14:58:28.124 [http-nio-7777-exec-5] INFO  com.course.controller.UserManager - getUserInfo获取到的用户数量是4
2019-04-04 14:58:28.407 [http-nio-7777-exec-6] INFO  com.course.controller.UserManager - cookies验证通过
2019-04-04 14:58:28.409 [http-nio-7777-exec-6] INFO  com.course.controller.UserManager - getUserInfo获取到的用户数量是1
2019-04-04 14:58:38.667 [http-nio-7777-exec-8] WARN  org.springframework.web.servlet.PageNotFound - Request method 'GET' not supported
2019-04-04 14:59:26.929 [http-nio-7777-exec-1] INFO  com.course.controller.UserManager - 查看到的结果是1
2019-04-04 14:59:26.984 [http-nio-7777-exec-2] INFO  com.course.controller.UserManager - 查看到的结果是0
2019-04-04 14:59:27.028 [http-nio-7777-exec-3] INFO  com.course.controller.UserManager - cookies验证通过
2019-04-04 14:59:27.030 [http-nio-7777-exec-3] INFO  com.course.controller.UserManager - getUserInfo获取到的用户数量是4
2019-04-04 15:00:57.422 [http-nio-7777-exec-5] INFO  com.course.controller.UserManager - cookies验证通过
2019-04-04 15:00:57.425 [http-nio-7777-exec-5] INFO  com.course.controller.UserManager - getUserInfo获取到的用户数量是1
2019-04-04 15:03:20.076 [http-nio-7777-exec-7] INFO  com.course.controller.UserManager - 查看到的结果是1
2019-04-04 15:03:20.140 [http-nio-7777-exec-8] INFO  com.course.controller.UserManager - 查看到的结果是0
2019-04-04 15:03:20.182 [http-nio-7777-exec-10] INFO  com.course.controller.UserManager - cookies验证通过
2019-04-04 15:03:20.184 [http-nio-7777-exec-10] INFO  com.course.controller.UserManager - getUserInfo获取到的用户数量是4
2019-04-04 15:04:47.274 [http-nio-7777-exec-1] INFO  com.course.controller.UserManager - 查看到的结果是1
2019-04-04 15:04:47.323 [http-nio-7777-exec-2] INFO  com.course.controller.UserManager - 查看到的结果是0
2019-04-04 15:04:47.367 [http-nio-7777-exec-3] INFO  com.course.controller.UserManager - cookies验证通过
2019-04-04 15:04:47.369 [http-nio-7777-exec-3] INFO  com.course.controller.UserManager - getUserInfo获取到的用户数量是4
2019-04-04 15:04:47.690 [http-nio-7777-exec-4] INFO  com.course.controller.UserManager - cookies验证通过
2019-04-04 15:04:47.692 [http-nio-7777-exec-4] INFO  com.course.controller.UserManager - getUserInfo获取到的用户数量是1
2019-04-04 15:28:52.273 [http-nio-7777-exec-6] INFO  com.course.controller.UserManager - 查看到的结果是1
2019-04-04 15:28:52.324 [http-nio-7777-exec-7] INFO  com.course.controller.UserManager - 查看到的结果是0
2019-04-04 15:28:52.360 [http-nio-7777-exec-8] INFO  com.course.controller.UserManager - cookies验证通过
2019-04-04 15:28:52.361 [http-nio-7777-exec-8] INFO  com.course.controller.UserManager - getUserInfo获取到的用户数量是4
2019-04-04 15:28:52.653 [http-nio-7777-exec-10] INFO  com.course.controller.UserManager - cookies验证通过
2019-04-04 15:28:52.655 [http-nio-7777-exec-10] INFO  com.course.controller.UserManager - getUserInfo获取到的用户数量是1
2019-04-04 15:44:23.657 [http-nio-7777-exec-1] INFO  com.course.controller.UserManager - 查看到的结果是1
2019-04-04 15:44:23.711 [http-nio-7777-exec-2] INFO  com.course.controller.UserManager - 查看到的结果是0
2019-04-04 15:44:23.749 [http-nio-7777-exec-3] INFO  com.course.controller.UserManager - cookies验证通过
2019-04-04 15:44:23.751 [http-nio-7777-exec-3] INFO  com.course.controller.UserManager - getUserInfo获取到的用户数量是4
2019-04-04 15:44:24.055 [http-nio-7777-exec-4] INFO  com.course.controller.UserManager - cookies验证通过
2019-04-04 15:44:24.057 [http-nio-7777-exec-4] INFO  com.course.controller.UserManager - getUserInfo获取到的用户数量是1
2019-04-04 15:46:23.869 [http-nio-7777-exec-6] INFO  com.course.controller.UserManager - 查看到的结果是1
2019-04-04 15:46:23.913 [http-nio-7777-exec-7] INFO  com.course.controller.UserManager - 查看到的结果是0
2019-04-04 15:46:23.954 [http-nio-7777-exec-8] INFO  com.course.controller.UserManager - cookies验证通过
2019-04-04 15:46:23.986 [http-nio-7777-exec-8] INFO  com.course.controller.UserManager - 添加用户的数量是:1
2019-04-04 15:46:29.074 [http-nio-7777-exec-10] INFO  com.course.controller.UserManager - cookies验证通过
2019-04-04 15:46:29.076 [http-nio-7777-exec-10] INFO  com.course.controller.UserManager - getUserInfo获取到的用户数量是4
2019-04-04 15:46:29.370 [http-nio-7777-exec-9] INFO  com.course.controller.UserManager - cookies验证通过
2019-04-04 15:46:29.372 [http-nio-7777-exec-9] INFO  com.course.controller.UserManager - getUserInfo获取到的用户数量是1
2019-04-04 15:47:43.754 [http-nio-7777-exec-2] INFO  com.course.controller.UserManager - 查看到的结果是1
2019-04-04 15:47:43.804 [http-nio-7777-exec-3] INFO  com.course.controller.UserManager - 查看到的结果是0
2019-04-04 15:47:43.840 [http-nio-7777-exec-4] INFO  com.course.controller.UserManager - cookies验证通过
2019-04-04 15:47:43.853 [http-nio-7777-exec-4] INFO  com.course.controller.UserManager - 添加用户的数量是:1
2019-04-04 15:47:48.947 [http-nio-7777-exec-5] INFO  com.course.controller.UserManager - cookies验证通过
2019-04-04 15:47:48.951 [http-nio-7777-exec-5] INFO  com.course.controller.UserManager - getUserInfo获取到的用户数量是3
2019-04-04 15:47:49.229 [http-nio-7777-exec-6] INFO  com.course.controller.UserManager - cookies验证通过
2019-04-04 15:47:49.231 [http-nio-7777-exec-6] INFO  com.course.controller.UserManager - getUserInfo获取到的用户数量是1
2019-04-04 15:49:44.567 [http-nio-7777-exec-8] INFO  com.course.controller.UserManager - 查看到的结果是1
2019-04-04 15:49:44.630 [http-nio-7777-exec-10] INFO  com.course.controller.UserManager - 查看到的结果是0
2019-04-04 15:50:11.051 [http-nio-7777-exec-9] INFO  com.course.controller.UserManager - cookies验证通过
2019-04-04 15:50:11.061 [http-nio-7777-exec-9] INFO  com.course.controller.UserManager - 添加用户的数量是:1
2019-04-04 15:51:30.276 [http-nio-7777-exec-2] INFO  com.course.controller.UserManager - cookies验证通过
2019-04-04 15:51:30.278 [http-nio-7777-exec-2] INFO  com.course.controller.UserManager - getUserInfo获取到的用户数量是3
2019-04-04 15:51:30.569 [http-nio-7777-exec-3] INFO  com.course.controller.UserManager - cookies验证通过
2019-04-04 15:51:30.571 [http-nio-7777-exec-3] INFO  com.course.controller.UserManager - getUserInfo获取到的用户数量是1
2019-04-04 15:52:26.710 [http-nio-7777-exec-5] INFO  com.course.controller.UserManager - 查看到的结果是1
2019-04-04 15:52:26.772 [http-nio-7777-exec-6] INFO  com.course.controller.UserManager - 查看到的结果是0
2019-04-04 15:52:32.899 [http-nio-7777-exec-7] INFO  com.course.controller.UserManager - cookies验证通过
2019-04-04 15:52:32.908 [http-nio-7777-exec-7] INFO  com.course.controller.UserManager - 添加用户的数量是:1
2019-04-04 15:53:25.199 [http-nio-7777-exec-8] INFO  com.course.controller.UserManager - cookies验证通过
2019-04-04 15:53:25.201 [http-nio-7777-exec-8] INFO  com.course.controller.UserManager - getUserInfo获取到的用户数量是3
2019-04-04 15:53:25.507 [http-nio-7777-exec-10] INFO  com.course.controller.UserManager - cookies验证通过
2019-04-04 15:53:25.509 [http-nio-7777-exec-10] INFO  com.course.controller.UserManager - getUserInfo获取到的用户数量是1
2019-04-04 15:57:49.984 [http-nio-7777-exec-1] INFO  com.course.controller.UserManager - 查看到的结果是1
2019-04-04 15:57:50.043 [http-nio-7777-exec-2] INFO  com.course.controller.UserManager - 查看到的结果是0
2019-04-04 15:57:52.766 [http-nio-7777-exec-3] INFO  com.course.controller.UserManager - cookies验证通过
2019-04-04 15:57:52.775 [http-nio-7777-exec-3] INFO  com.course.controller.UserManager - 添加用户的数量是:1
2019-04-04 15:58:36.666 [http-nio-7777-exec-4] INFO  com.course.controller.UserManager - cookies验证通过
2019-04-04 15:58:36.669 [http-nio-7777-exec-4] INFO  com.course.controller.UserManager - getUserInfo获取到的用户数量是3
2019-04-04 15:58:36.987 [http-nio-7777-exec-5] INFO  com.course.controller.UserManager - cookies验证通过
2019-04-04 15:58:36.989 [http-nio-7777-exec-5] INFO  com.course.controller.UserManager - getUserInfo获取到的用户数量是0
2019-04-04 15:59:10.346 [http-nio-7777-exec-7] INFO  com.course.controller.UserManager - 查看到的结果是1
2019-04-04 15:59:10.393 [http-nio-7777-exec-8] INFO  com.course.controller.UserManager - 查看到的结果是0
2019-04-04 15:59:10.427 [http-nio-7777-exec-10] INFO  com.course.controller.UserManager - cookies验证通过
2019-04-04 15:59:10.435 [http-nio-7777-exec-10] INFO  com.course.controller.UserManager - 添加用户的数量是:1
2019-04-04 15:59:15.513 [http-nio-7777-exec-9] INFO  com.course.controller.UserManager - cookies验证通过
2019-04-04 15:59:15.515 [http-nio-7777-exec-9] INFO  com.course.controller.UserManager - getUserInfo获取到的用户数量是3
2019-04-04 15:59:15.810 [http-nio-7777-exec-1] INFO  com.course.controller.UserManager - cookies验证通过
2019-04-04 15:59:15.812 [http-nio-7777-exec-1] INFO  com.course.controller.UserManager - getUserInfo获取到的用户数量是0
2019-04-04 16:01:34.800 [http-nio-7777-exec-3] INFO  com.course.controller.UserManager - 查看到的结果是1
2019-04-04 16:01:34.867 [http-nio-7777-exec-4] INFO  com.course.controller.UserManager - 查看到的结果是0
2019-04-04 16:01:34.908 [http-nio-7777-exec-5] INFO  com.course.controller.UserManager - cookies验证通过
2019-04-04 16:01:34.916 [http-nio-7777-exec-5] INFO  com.course.controller.UserManager - 添加用户的数量是:1
2019-04-04 16:01:39.977 [http-nio-7777-exec-6] INFO  com.course.controller.UserManager - cookies验证通过
2019-04-04 16:01:39.979 [http-nio-7777-exec-6] INFO  com.course.controller.UserManager - getUserInfo获取到的用户数量是3
2019-04-04 16:01:40.268 [http-nio-7777-exec-7] INFO  com.course.controller.UserManager - cookies验证通过
2019-04-04 16:01:40.271 [http-nio-7777-exec-7] INFO  com.course.controller.UserManager - getUserInfo获取到的用户数量是1
2019-04-04 16:02:15.940 [http-nio-7777-exec-10] INFO  com.course.controller.UserManager - 查看到的结果是1
2019-04-04 16:02:15.990 [http-nio-7777-exec-9] INFO  com.course.controller.UserManager - 查看到的结果是0
2019-04-04 16:02:16.030 [http-nio-7777-exec-1] INFO  com.course.controller.UserManager - cookies验证通过
2019-04-04 16:02:16.037 [http-nio-7777-exec-1] INFO  com.course.controller.UserManager - 添加用户的数量是:1
2019-04-04 16:02:21.102 [http-nio-7777-exec-2] INFO  com.course.controller.UserManager - cookies验证通过
2019-04-04 16:02:21.104 [http-nio-7777-exec-2] INFO  com.course.controller.UserManager - getUserInfo获取到的用户数量是3
2019-04-04 16:02:21.373 [http-nio-7777-exec-3] INFO  com.course.controller.UserManager - cookies验证通过
2019-04-04 16:02:21.375 [http-nio-7777-exec-3] INFO  com.course.controller.UserManager - getUserInfo获取到的用户数量是1
2019-04-04 16:03:14.096 [http-nio-7777-exec-5] INFO  com.course.controller.UserManager - 查看到的结果是1
2019-04-04 16:03:14.150 [http-nio-7777-exec-6] INFO  com.course.controller.UserManager - 查看到的结果是0
2019-04-04 16:03:14.200 [http-nio-7777-exec-7] INFO  com.course.controller.UserManager - cookies验证通过
2019-04-04 16:03:14.219 [http-nio-7777-exec-7] INFO  com.course.controller.UserManager - 添加用户的数量是:1
2019-04-04 16:03:19.323 [http-nio-7777-exec-8] INFO  com.course.controller.UserManager - cookies验证通过
2019-04-04 16:03:19.325 [http-nio-7777-exec-8] INFO  com.course.controller.UserManager - getUserInfo获取到的用户数量是3
2019-04-04 16:03:19.607 [http-nio-7777-exec-10] INFO  com.course.controller.UserManager - cookies验证通过
2019-04-04 16:03:19.609 [http-nio-7777-exec-10] INFO  com.course.controller.UserManager - getUserInfo获取到的用户数量是1
2019-04-04 16:06:16.588 [http-nio-7777-exec-1] INFO  com.course.controller.UserManager - 查看到的结果是1
2019-04-04 16:06:16.663 [http-nio-7777-exec-2] INFO  com.course.controller.UserManager - 查看到的结果是0
2019-04-04 16:06:20.086 [http-nio-7777-exec-3] INFO  com.course.controller.UserManager - cookies验证通过
2019-04-04 16:06:20.093 [http-nio-7777-exec-3] INFO  com.course.controller.UserManager - 添加用户的数量是:1
2019-04-04 16:06:42.585 [http-nio-7777-exec-4] INFO  com.course.controller.UserManager - cookies验证通过
2019-04-04 16:06:42.590 [http-nio-7777-exec-4] INFO  com.course.controller.UserManager - getUserInfo获取到的用户数量是3
2019-04-04 16:06:42.888 [http-nio-7777-exec-5] INFO  com.course.controller.UserManager - cookies验证通过
2019-04-04 16:06:42.890 [http-nio-7777-exec-5] INFO  com.course.controller.UserManager - getUserInfo获取到的用户数量是1
2019-04-04 16:07:30.407 [http-nio-7777-exec-6] INFO  com.course.controller.UserManager - cookies验证通过
2019-04-04 16:07:30.422 [http-nio-7777-exec-6] INFO  com.course.controller.UserManager - 更新数据的条目数为:1
2019-04-04 16:08:11.669 [http-nio-7777-exec-7] INFO  com.course.controller.UserManager - cookies验证通过
2019-04-04 16:08:11.682 [http-nio-7777-exec-7] INFO  com.course.controller.UserManager - 更新数据的条目数为:1
2019-04-04 16:11:15.058 [http-nio-7777-exec-10] INFO  com.course.controller.UserManager - 查看到的结果是1
2019-04-04 16:11:15.108 [http-nio-7777-exec-9] INFO  com.course.controller.UserManager - 查看到的结果是0
2019-04-04 16:11:40.638 [http-nio-7777-exec-1] INFO  com.course.controller.UserManager - cookies验证通过
2019-04-04 16:11:40.650 [http-nio-7777-exec-1] INFO  com.course.controller.UserManager - 添加用户的数量是:1
2019-04-04 16:11:49.532 [http-nio-7777-exec-2] INFO  com.course.controller.UserManager - cookies验证通过
2019-04-04 16:11:49.535 [http-nio-7777-exec-2] INFO  com.course.controller.UserManager - getUserInfo获取到的用户数量是3
2019-04-04 16:11:49.835 [http-nio-7777-exec-3] INFO  com.course.controller.UserManager - cookies验证通过
2019-04-04 16:11:49.838 [http-nio-7777-exec-3] INFO  com.course.controller.UserManager - getUserInfo获取到的用户数量是1
2019-04-04 16:12:52.948 [http-nio-7777-exec-5] INFO  com.course.controller.UserManager - cookies验证通过
2019-04-04 16:12:52.958 [http-nio-7777-exec-5] INFO  com.course.controller.UserManager - 更新数据的条目数为:1
2019-04-04 16:15:44.475 [http-nio-7777-exec-7] INFO  com.course.controller.UserManager - cookies验证通过
2019-04-04 16:15:44.487 [http-nio-7777-exec-7] INFO  com.course.controller.UserManager - 更新数据的条目数为:1
2019-04-04 16:17:51.063 [http-nio-7777-exec-10] INFO  com.course.controller.UserManager - 查看到的结果是1
2019-04-04 16:17:51.137 [http-nio-7777-exec-9] INFO  com.course.controller.UserManager - 查看到的结果是0
2019-04-04 16:17:51.174 [http-nio-7777-exec-1] INFO  com.course.controller.UserManager - cookies验证通过
2019-04-04 16:17:51.182 [http-nio-7777-exec-1] INFO  com.course.controller.UserManager - 添加用户的数量是:1
2019-04-04 16:17:56.249 [http-nio-7777-exec-2] INFO  com.course.controller.UserManager - cookies验证通过
2019-04-04 16:17:56.251 [http-nio-7777-exec-2] INFO  com.course.controller.UserManager - getUserInfo获取到的用户数量是2
2019-04-04 16:17:56.532 [http-nio-7777-exec-3] INFO  com.course.controller.UserManager - cookies验证通过
2019-04-04 16:17:56.537 [http-nio-7777-exec-3] INFO  com.course.controller.UserManager - getUserInfo获取到的用户数量是1
2019-04-04 16:17:56.584 [http-nio-7777-exec-4] INFO  com.course.controller.UserManager - cookies验证通过
2019-04-04 16:17:56.592 [http-nio-7777-exec-4] INFO  com.course.controller.UserManager - 更新数据的条目数为:1
2019-04-04 16:18:11.666 [http-nio-7777-exec-5] INFO  com.course.controller.UserManager - cookies验证通过
2019-04-04 16:18:11.673 [http-nio-7777-exec-5] INFO  com.course.controller.UserManager - 更新数据的条目数为:1
2019-04-04 16:19:11.189 [http-nio-7777-exec-7] INFO  com.course.controller.UserManager - 查看到的结果是1
2019-04-04 16:19:11.235 [http-nio-7777-exec-8] INFO  com.course.controller.UserManager - 查看到的结果是0
2019-04-04 16:19:11.275 [http-nio-7777-exec-10] INFO  com.course.controller.UserManager - cookies验证通过
2019-04-04 16:19:11.283 [http-nio-7777-exec-10] INFO  com.course.controller.UserManager - 添加用户的数量是:1
2019-04-04 16:19:16.352 [http-nio-7777-exec-9] INFO  com.course.controller.UserManager - cookies验证通过
2019-04-04 16:19:16.354 [http-nio-7777-exec-9] INFO  com.course.controller.UserManager - getUserInfo获取到的用户数量是2
2019-04-04 16:19:16.680 [http-nio-7777-exec-1] INFO  com.course.controller.UserManager - cookies验证通过
2019-04-04 16:19:16.681 [http-nio-7777-exec-1] INFO  com.course.controller.UserManager - getUserInfo获取到的用户数量是1
2019-04-04 16:19:16.723 [http-nio-7777-exec-2] INFO  com.course.controller.UserManager - cookies验证通过
2019-04-04 16:19:16.731 [http-nio-7777-exec-2] INFO  com.course.controller.UserManager - 更新数据的条目数为:1
2019-04-04 16:19:31.805 [http-nio-7777-exec-3] INFO  com.course.controller.UserManager - cookies验证通过
2019-04-04 16:19:31.812 [http-nio-7777-exec-3] INFO  com.course.controller.UserManager - 更新数据的条目数为:1
2019-04-04 16:21:17.092 [http-nio-7777-exec-5] INFO  com.course.controller.UserManager - 查看到的结果是1
2019-04-04 16:21:17.151 [http-nio-7777-exec-6] INFO  com.course.controller.UserManager - 查看到的结果是0
2019-04-04 16:21:17.193 [http-nio-7777-exec-7] INFO  com.course.controller.UserManager - cookies验证通过
2019-04-04 16:21:17.200 [http-nio-7777-exec-7] INFO  com.course.controller.UserManager - 添加用户的数量是:1
2019-04-04 16:21:22.286 [http-nio-7777-exec-8] INFO  com.course.controller.UserManager - cookies验证通过
2019-04-04 16:21:22.288 [http-nio-7777-exec-8] INFO  com.course.controller.UserManager - getUserInfo获取到的用户数量是2
2019-04-04 16:21:22.579 [http-nio-7777-exec-10] INFO  com.course.controller.UserManager - cookies验证通过
2019-04-04 16:21:22.581 [http-nio-7777-exec-10] INFO  com.course.controller.UserManager - getUserInfo获取到的用户数量是1
2019-04-04 16:22:01.265 [http-nio-7777-exec-9] INFO  com.course.controller.UserManager - cookies验证通过
2019-04-04 16:22:01.273 [http-nio-7777-exec-9] INFO  com.course.controller.UserManager - 更新数据的条目数为:1
2019-04-04 16:24:42.646 [http-nio-7777-exec-2] INFO  com.course.controller.UserManager - cookies验证通过
2019-04-04 16:24:42.656 [http-nio-7777-exec-2] INFO  com.course.controller.UserManager - 更新数据的条目数为:1
2019-04-04 16:54:35.887 [main] INFO  com.course.Application - Starting Application on lilin2017122 with PID 11352 (F:\git\ApiAutoTest\Chapter13\target\classes started by lil in F:\git\ApiAutoTest)
2019-04-04 16:54:35.892 [main] INFO  com.course.Application - No active profile set, falling back to default profiles: default
2019-04-04 16:54:36.039 [main] INFO  o.s.boot.context.embedded.AnnotationConfigEmbeddedWebApplicationContext - Refreshing org.springframework.boot.context.embedded.AnnotationConfigEmbeddedWebApplicationContext@478190fc: startup date [Thu Apr 04 16:54:36 CST 2019]; root of context hierarchy
2019-04-04 16:54:38.755 [main] WARN  org.mybatis.spring.mapper.ClassPathMapperScanner - No MyBatis mapper was found in '[com.course]' package. Please check your configuration.
2019-04-04 16:54:39.593 [main] INFO  o.s.context.support.PostProcessorRegistrationDelegate$BeanPostProcessorChecker - Bean 'org.springframework.transaction.annotation.ProxyTransactionManagementConfiguration' of type [org.springframework.transaction.annotation.ProxyTransactionManagementConfiguration$$EnhancerBySpringCGLIB$$d79f1f33] is not eligible for getting processed by all BeanPostProcessors (for example: not eligible for auto-proxying)
2019-04-04 16:54:40.632 [main] INFO  org.springframework.boot.context.embedded.tomcat.TomcatEmbeddedServletContainer - Tomcat initialized with port(s): 7777 (http)
2019-04-04 16:54:40.667 [main] INFO  org.apache.catalina.core.StandardService - Starting service Tomcat
2019-04-04 16:54:40.669 [main] INFO  org.apache.catalina.core.StandardEngine - Starting Servlet Engine: Apache Tomcat/8.5.14
2019-04-04 16:54:40.910 [localhost-startStop-1] INFO  org.apache.catalina.core.ContainerBase.[Tomcat].[localhost].[/] - Initializing Spring embedded WebApplicationContext
2019-04-04 16:54:40.911 [localhost-startStop-1] INFO  org.springframework.web.context.ContextLoader - Root WebApplicationContext: initialization completed in 4871 ms
2019-04-04 16:54:41.277 [localhost-startStop-1] INFO  org.springframework.boot.web.servlet.ServletRegistrationBean - Mapping servlet: 'dispatcherServlet' to [/]
2019-04-04 16:54:41.286 [localhost-startStop-1] INFO  org.springframework.boot.web.servlet.FilterRegistrationBean - Mapping filter: 'characterEncodingFilter' to: [/*]
2019-04-04 16:54:41.286 [localhost-startStop-1] INFO  org.springframework.boot.web.servlet.FilterRegistrationBean - Mapping filter: 'hiddenHttpMethodFilter' to: [/*]
2019-04-04 16:54:41.287 [localhost-startStop-1] INFO  org.springframework.boot.web.servlet.FilterRegistrationBean - Mapping filter: 'httpPutFormContentFilter' to: [/*]
2019-04-04 16:54:41.287 [localhost-startStop-1] INFO  org.springframework.boot.web.servlet.FilterRegistrationBean - Mapping filter: 'requestContextFilter' to: [/*]
2019-04-04 16:54:43.100 [main] INFO  o.springframework.web.servlet.mvc.method.annotation.RequestMappingHandlerMapping - Mapped "{[/v1/getUserInfo],methods=[POST]}" onto public java.util.List<com.course.model.User> com.course.controller.UserManager.getUserInfo(javax.servlet.http.HttpServletRequest,com.course.model.User)
2019-04-04 16:54:43.101 [main] INFO  o.springframework.web.servlet.mvc.method.annotation.RequestMappingHandlerMapping - Mapped "{[/v1/login],methods=[POST]}" onto public java.lang.Boolean com.course.controller.UserManager.login(javax.servlet.http.HttpServletResponse,com.course.model.User)
2019-04-04 16:54:43.102 [main] INFO  o.springframework.web.servlet.mvc.method.annotation.RequestMappingHandlerMapping - Mapped "{[/v1/updateUserInfo],methods=[POST]}" onto public int com.course.controller.UserManager.updateUser(javax.servlet.http.HttpServletRequest,com.course.model.User)
2019-04-04 16:54:43.103 [main] INFO  o.springframework.web.servlet.mvc.method.annotation.RequestMappingHandlerMapping - Mapped "{[/v1/addUser],methods=[POST]}" onto public boolean com.course.controller.UserManager.addUser(javax.servlet.http.HttpServletRequest,com.course.model.User)
2019-04-04 16:54:43.104 [main] INFO  o.springframework.web.servlet.mvc.method.annotation.RequestMappingHandlerMapping - Mapped "{[/v2/api-docs],methods=[GET],produces=[application/json || application/hal+json]}" onto public org.springframework.http.ResponseEntity<springfox.documentation.spring.web.json.Json> springfox.documentation.swagger2.web.Swagger2Controller.getDocumentation(java.lang.String,javax.servlet.http.HttpServletRequest)
2019-04-04 16:54:43.110 [main] INFO  o.springframework.web.servlet.mvc.method.annotation.RequestMappingHandlerMapping - Mapped "{[/swagger-resources/configuration/ui]}" onto org.springframework.http.ResponseEntity<springfox.documentation.swagger.web.UiConfiguration> springfox.documentation.swagger.web.ApiResourceController.uiConfiguration()
2019-04-04 16:54:43.112 [main] INFO  o.springframework.web.servlet.mvc.method.annotation.RequestMappingHandlerMapping - Mapped "{[/swagger-resources]}" onto org.springframework.http.ResponseEntity<java.util.List<springfox.documentation.swagger.web.SwaggerResource>> springfox.documentation.swagger.web.ApiResourceController.swaggerResources()
2019-04-04 16:54:43.112 [main] INFO  o.springframework.web.servlet.mvc.method.annotation.RequestMappingHandlerMapping - Mapped "{[/swagger-resources/configuration/security]}" onto org.springframework.http.ResponseEntity<springfox.documentation.swagger.web.SecurityConfiguration> springfox.documentation.swagger.web.ApiResourceController.securityConfiguration()
2019-04-04 16:54:43.115 [main] INFO  o.springframework.web.servlet.mvc.method.annotation.RequestMappingHandlerMapping - Mapped "{[/error]}" onto public org.springframework.http.ResponseEntity<java.util.Map<java.lang.String, java.lang.Object>> org.springframework.boot.autoconfigure.web.BasicErrorController.error(javax.servlet.http.HttpServletRequest)
2019-04-04 16:54:43.116 [main] INFO  o.springframework.web.servlet.mvc.method.annotation.RequestMappingHandlerMapping - Mapped "{[/error],produces=[text/html]}" onto public org.springframework.web.servlet.ModelAndView org.springframework.boot.autoconfigure.web.BasicErrorController.errorHtml(javax.servlet.http.HttpServletRequest,javax.servlet.http.HttpServletResponse)
2019-04-04 16:54:43.493 [main] INFO  o.springframework.web.servlet.mvc.method.annotation.RequestMappingHandlerAdapter - Looking for @ControllerAdvice: org.springframework.boot.context.embedded.AnnotationConfigEmbeddedWebApplicationContext@478190fc: startup date [Thu Apr 04 16:54:36 CST 2019]; root of context hierarchy
2019-04-04 16:54:43.588 [main] INFO  org.springframework.web.servlet.handler.SimpleUrlHandlerMapping - Mapped URL path [/webjars/**] onto handler of type [class org.springframework.web.servlet.resource.ResourceHttpRequestHandler]
2019-04-04 16:54:43.588 [main] INFO  org.springframework.web.servlet.handler.SimpleUrlHandlerMapping - Mapped URL path [/**] onto handler of type [class org.springframework.web.servlet.resource.ResourceHttpRequestHandler]
2019-04-04 16:54:43.659 [main] INFO  org.springframework.web.servlet.handler.SimpleUrlHandlerMapping - Mapped URL path [/**/favicon.ico] onto handler of type [class org.springframework.web.servlet.resource.ResourceHttpRequestHandler]
2019-04-04 16:54:44.108 [main] INFO  org.springframework.jmx.export.annotation.AnnotationMBeanExporter - Registering beans for JMX exposure on startup
2019-04-04 16:54:44.134 [main] INFO  org.springframework.context.support.DefaultLifecycleProcessor - Starting beans in phase 2147483647
2019-04-04 16:54:44.135 [main] INFO  springfox.documentation.spring.web.plugins.DocumentationPluginsBootstrapper - Context refreshed
2019-04-04 16:54:44.183 [main] INFO  springfox.documentation.spring.web.plugins.DocumentationPluginsBootstrapper - Found 1 custom documentation plugin(s)
2019-04-04 16:54:44.214 [main] INFO  springfox.documentation.spring.web.scanners.ApiListingReferenceScanner - Scanning for api listing references
2019-04-04 16:54:44.759 [main] ERROR org.apache.coyote.http11.Http11NioProtocol - Failed to start end point associated with ProtocolHandler ["http-nio-7777"]
java.net.BindException: Address already in use: bind
	at sun.nio.ch.Net.bind0(Native Method)
	at sun.nio.ch.Net.bind(Net.java:433)
	at sun.nio.ch.Net.bind(Net.java:425)
	at sun.nio.ch.ServerSocketChannelImpl.bind(ServerSocketChannelImpl.java:223)
	at sun.nio.ch.ServerSocketAdaptor.bind(ServerSocketAdaptor.java:74)
	at org.apache.tomcat.util.net.NioEndpoint.bind(NioEndpoint.java:210)
	at org.apache.tomcat.util.net.AbstractEndpoint.start(AbstractEndpoint.java:978)
	at org.apache.coyote.AbstractProtocol.start(AbstractProtocol.java:628)
	at org.apache.catalina.connector.Connector.startInternal(Connector.java:993)
	at org.apache.catalina.util.LifecycleBase.start(LifecycleBase.java:150)
	at org.apache.catalina.core.StandardService.addConnector(StandardService.java:225)
	at org.springframework.boot.context.embedded.tomcat.TomcatEmbeddedServletContainer.addPreviouslyRemovedConnectors(TomcatEmbeddedServletContainer.java:247)
	at org.springframework.boot.context.embedded.tomcat.TomcatEmbeddedServletContainer.start(TomcatEmbeddedServletContainer.java:190)
	at org.springframework.boot.context.embedded.EmbeddedWebApplicationContext.startEmbeddedServletContainer(EmbeddedWebApplicationContext.java:297)
	at org.springframework.boot.context.embedded.EmbeddedWebApplicationContext.finishRefresh(EmbeddedWebApplicationContext.java:145)
	at org.springframework.context.support.AbstractApplicationContext.refresh(AbstractApplicationContext.java:545)
	at org.springframework.boot.context.embedded.EmbeddedWebApplicationContext.refresh(EmbeddedWebApplicationContext.java:122)
	at org.springframework.boot.SpringApplication.refresh(SpringApplication.java:737)
	at org.springframework.boot.SpringApplication.refreshContext(SpringApplication.java:370)
	at org.springframework.boot.SpringApplication.run(SpringApplication.java:314)
	at org.springframework.boot.SpringApplication.run(SpringApplication.java:1162)
	at org.springframework.boot.SpringApplication.run(SpringApplication.java:1151)
	at com.course.Application.main(Application.java:14)
	at sun.reflect.NativeMethodAccessorImpl.invoke0(Native Method)
	at sun.reflect.NativeMethodAccessorImpl.invoke(NativeMethodAccessorImpl.java:62)
	at sun.reflect.DelegatingMethodAccessorImpl.invoke(DelegatingMethodAccessorImpl.java:43)
	at java.lang.reflect.Method.invoke(Method.java:498)
	at com.intellij.rt.execution.application.AppMain.main(AppMain.java:147)
2019-04-04 16:54:44.760 [main] ERROR org.apache.catalina.core.StandardService - Failed to start connector [Connector[HTTP/1.1-7777]]
org.apache.catalina.LifecycleException: Failed to start component [Connector[HTTP/1.1-7777]]
	at org.apache.catalina.util.LifecycleBase.start(LifecycleBase.java:167)
	at org.apache.catalina.core.StandardService.addConnector(StandardService.java:225)
	at org.springframework.boot.context.embedded.tomcat.TomcatEmbeddedServletContainer.addPreviouslyRemovedConnectors(TomcatEmbeddedServletContainer.java:247)
	at org.springframework.boot.context.embedded.tomcat.TomcatEmbeddedServletContainer.start(TomcatEmbeddedServletContainer.java:190)
	at org.springframework.boot.context.embedded.EmbeddedWebApplicationContext.startEmbeddedServletContainer(EmbeddedWebApplicationContext.java:297)
	at org.springframework.boot.context.embedded.EmbeddedWebApplicationContext.finishRefresh(EmbeddedWebApplicationContext.java:145)
	at org.springframework.context.support.AbstractApplicationContext.refresh(AbstractApplicationContext.java:545)
	at org.springframework.boot.context.embedded.EmbeddedWebApplicationContext.refresh(EmbeddedWebApplicationContext.java:122)
	at org.springframework.boot.SpringApplication.refresh(SpringApplication.java:737)
	at org.springframework.boot.SpringApplication.refreshContext(SpringApplication.java:370)
	at org.springframework.boot.SpringApplication.run(SpringApplication.java:314)
	at org.springframework.boot.SpringApplication.run(SpringApplication.java:1162)
	at org.springframework.boot.SpringApplication.run(SpringApplication.java:1151)
	at com.course.Application.main(Application.java:14)
	at sun.reflect.NativeMethodAccessorImpl.invoke0(Native Method)
	at sun.reflect.NativeMethodAccessorImpl.invoke(NativeMethodAccessorImpl.java:62)
	at sun.reflect.DelegatingMethodAccessorImpl.invoke(DelegatingMethodAccessorImpl.java:43)
	at java.lang.reflect.Method.invoke(Method.java:498)
	at com.intellij.rt.execution.application.AppMain.main(AppMain.java:147)
Caused by: org.apache.catalina.LifecycleException: service.getName(): "Tomcat";  Protocol handler start failed
	at org.apache.catalina.connector.Connector.startInternal(Connector.java:1000)
	at org.apache.catalina.util.LifecycleBase.start(LifecycleBase.java:150)
	... 18 common frames omitted
Caused by: java.net.BindException: Address already in use: bind
	at sun.nio.ch.Net.bind0(Native Method)
	at sun.nio.ch.Net.bind(Net.java:433)
	at sun.nio.ch.Net.bind(Net.java:425)
	at sun.nio.ch.ServerSocketChannelImpl.bind(ServerSocketChannelImpl.java:223)
	at sun.nio.ch.ServerSocketAdaptor.bind(ServerSocketAdaptor.java:74)
	at org.apache.tomcat.util.net.NioEndpoint.bind(NioEndpoint.java:210)
	at org.apache.tomcat.util.net.AbstractEndpoint.start(AbstractEndpoint.java:978)
	at org.apache.coyote.AbstractProtocol.start(AbstractProtocol.java:628)
	at org.apache.catalina.connector.Connector.startInternal(Connector.java:993)
	... 19 common frames omitted
2019-04-04 16:54:44.778 [main] INFO  org.apache.catalina.core.StandardService - Stopping service Tomcat
2019-04-04 16:54:44.815 [main] INFO  o.s.boot.autoconfigure.logging.AutoConfigurationReportLoggingInitializer - 

Error starting ApplicationContext. To display the auto-configuration report re-run your application with 'debug' enabled.
2019-04-04 16:54:44.822 [main] ERROR org.springframework.boot.diagnostics.LoggingFailureAnalysisReporter - 

***************************
APPLICATION FAILED TO START
***************************

Description:

The Tomcat connector configured to listen on port 7777 failed to start. The port may already be in use or the connector may be misconfigured.

Action:

Verify the connector's configuration, identify and stop any process that's listening on port 7777, or configure this application to listen on another port.

2019-04-04 16:54:44.825 [main] INFO  o.s.boot.context.embedded.AnnotationConfigEmbeddedWebApplicationContext - Closing org.springframework.boot.context.embedded.AnnotationConfigEmbeddedWebApplicationContext@478190fc: startup date [Thu Apr 04 16:54:36 CST 2019]; root of context hierarchy
2019-04-04 16:54:44.828 [main] INFO  org.springframework.context.support.DefaultLifecycleProcessor - Stopping beans in phase 2147483647
2019-04-04 16:54:44.830 [main] INFO  org.springframework.jmx.export.annotation.AnnotationMBeanExporter - Unregistering JMX-exposed beans on shutdown
2019-04-04 16:57:07.322 [main] INFO  com.course.Application - Starting Application on lilin2017122 with PID 13520 (F:\git\ApiAutoTest\Chapter13\target\classes started by lil in F:\git\ApiAutoTest)
2019-04-04 16:57:07.332 [main] INFO  com.course.Application - No active profile set, falling back to default profiles: default
2019-04-04 16:57:07.484 [main] INFO  o.s.boot.context.embedded.AnnotationConfigEmbeddedWebApplicationContext - Refreshing org.springframework.boot.context.embedded.AnnotationConfigEmbeddedWebApplicationContext@478190fc: startup date [Thu Apr 04 16:57:07 CST 2019]; root of context hierarchy
2019-04-04 16:57:10.320 [main] WARN  org.mybatis.spring.mapper.ClassPathMapperScanner - No MyBatis mapper was found in '[com.course]' package. Please check your configuration.
2019-04-04 16:57:11.076 [main] INFO  o.s.context.support.PostProcessorRegistrationDelegate$BeanPostProcessorChecker - Bean 'org.springframework.transaction.annotation.ProxyTransactionManagementConfiguration' of type [org.springframework.transaction.annotation.ProxyTransactionManagementConfiguration$$EnhancerBySpringCGLIB$$2330cc7f] is not eligible for getting processed by all BeanPostProcessors (for example: not eligible for auto-proxying)
2019-04-04 16:57:12.220 [main] INFO  org.springframework.boot.context.embedded.tomcat.TomcatEmbeddedServletContainer - Tomcat initialized with port(s): 7777 (http)
2019-04-04 16:57:12.240 [main] INFO  org.apache.catalina.core.StandardService - Starting service Tomcat
2019-04-04 16:57:12.242 [main] INFO  org.apache.catalina.core.StandardEngine - Starting Servlet Engine: Apache Tomcat/8.5.14
2019-04-04 16:57:12.435 [localhost-startStop-1] INFO  org.apache.catalina.core.ContainerBase.[Tomcat].[localhost].[/] - Initializing Spring embedded WebApplicationContext
2019-04-04 16:57:12.435 [localhost-startStop-1] INFO  org.springframework.web.context.ContextLoader - Root WebApplicationContext: initialization completed in 4951 ms
2019-04-04 16:57:12.739 [localhost-startStop-1] INFO  org.springframework.boot.web.servlet.ServletRegistrationBean - Mapping servlet: 'dispatcherServlet' to [/]
2019-04-04 16:57:12.743 [localhost-startStop-1] INFO  org.springframework.boot.web.servlet.FilterRegistrationBean - Mapping filter: 'characterEncodingFilter' to: [/*]
2019-04-04 16:57:12.744 [localhost-startStop-1] INFO  org.springframework.boot.web.servlet.FilterRegistrationBean - Mapping filter: 'hiddenHttpMethodFilter' to: [/*]
2019-04-04 16:57:12.744 [localhost-startStop-1] INFO  org.springframework.boot.web.servlet.FilterRegistrationBean - Mapping filter: 'httpPutFormContentFilter' to: [/*]
2019-04-04 16:57:12.744 [localhost-startStop-1] INFO  org.springframework.boot.web.servlet.FilterRegistrationBean - Mapping filter: 'requestContextFilter' to: [/*]
2019-04-04 16:57:14.555 [main] INFO  o.springframework.web.servlet.mvc.method.annotation.RequestMappingHandlerMapping - Mapped "{[/v1/getUserInfo],methods=[POST]}" onto public java.util.List<com.course.model.User> com.course.controller.UserManager.getUserInfo(javax.servlet.http.HttpServletRequest,com.course.model.User)
2019-04-04 16:57:14.556 [main] INFO  o.springframework.web.servlet.mvc.method.annotation.RequestMappingHandlerMapping - Mapped "{[/v1/login],methods=[POST]}" onto public java.lang.Boolean com.course.controller.UserManager.login(javax.servlet.http.HttpServletResponse,com.course.model.User)
2019-04-04 16:57:14.556 [main] INFO  o.springframework.web.servlet.mvc.method.annotation.RequestMappingHandlerMapping - Mapped "{[/v1/updateUserInfo],methods=[POST]}" onto public int com.course.controller.UserManager.updateUser(javax.servlet.http.HttpServletRequest,com.course.model.User)
2019-04-04 16:57:14.557 [main] INFO  o.springframework.web.servlet.mvc.method.annotation.RequestMappingHandlerMapping - Mapped "{[/v1/addUser],methods=[POST]}" onto public boolean com.course.controller.UserManager.addUser(javax.servlet.http.HttpServletRequest,com.course.model.User)
2019-04-04 16:57:14.557 [main] INFO  o.springframework.web.servlet.mvc.method.annotation.RequestMappingHandlerMapping - Mapped "{[/v2/api-docs],methods=[GET],produces=[application/json || application/hal+json]}" onto public org.springframework.http.ResponseEntity<springfox.documentation.spring.web.json.Json> springfox.documentation.swagger2.web.Swagger2Controller.getDocumentation(java.lang.String,javax.servlet.http.HttpServletRequest)
2019-04-04 16:57:14.561 [main] INFO  o.springframework.web.servlet.mvc.method.annotation.RequestMappingHandlerMapping - Mapped "{[/swagger-resources/configuration/security]}" onto org.springframework.http.ResponseEntity<springfox.documentation.swagger.web.SecurityConfiguration> springfox.documentation.swagger.web.ApiResourceController.securityConfiguration()
2019-04-04 16:57:14.562 [main] INFO  o.springframework.web.servlet.mvc.method.annotation.RequestMappingHandlerMapping - Mapped "{[/swagger-resources/configuration/ui]}" onto org.springframework.http.ResponseEntity<springfox.documentation.swagger.web.UiConfiguration> springfox.documentation.swagger.web.ApiResourceController.uiConfiguration()
2019-04-04 16:57:14.563 [main] INFO  o.springframework.web.servlet.mvc.method.annotation.RequestMappingHandlerMapping - Mapped "{[/swagger-resources]}" onto org.springframework.http.ResponseEntity<java.util.List<springfox.documentation.swagger.web.SwaggerResource>> springfox.documentation.swagger.web.ApiResourceController.swaggerResources()
2019-04-04 16:57:14.570 [main] INFO  o.springframework.web.servlet.mvc.method.annotation.RequestMappingHandlerMapping - Mapped "{[/error]}" onto public org.springframework.http.ResponseEntity<java.util.Map<java.lang.String, java.lang.Object>> org.springframework.boot.autoconfigure.web.BasicErrorController.error(javax.servlet.http.HttpServletRequest)
2019-04-04 16:57:14.571 [main] INFO  o.springframework.web.servlet.mvc.method.annotation.RequestMappingHandlerMapping - Mapped "{[/error],produces=[text/html]}" onto public org.springframework.web.servlet.ModelAndView org.springframework.boot.autoconfigure.web.BasicErrorController.errorHtml(javax.servlet.http.HttpServletRequest,javax.servlet.http.HttpServletResponse)
2019-04-04 16:57:14.943 [main] INFO  o.springframework.web.servlet.mvc.method.annotation.RequestMappingHandlerAdapter - Looking for @ControllerAdvice: org.springframework.boot.context.embedded.AnnotationConfigEmbeddedWebApplicationContext@478190fc: startup date [Thu Apr 04 16:57:07 CST 2019]; root of context hierarchy
2019-04-04 16:57:15.063 [main] INFO  org.springframework.web.servlet.handler.SimpleUrlHandlerMapping - Mapped URL path [/webjars/**] onto handler of type [class org.springframework.web.servlet.resource.ResourceHttpRequestHandler]
2019-04-04 16:57:15.064 [main] INFO  org.springframework.web.servlet.handler.SimpleUrlHandlerMapping - Mapped URL path [/**] onto handler of type [class org.springframework.web.servlet.resource.ResourceHttpRequestHandler]
2019-04-04 16:57:15.204 [main] INFO  org.springframework.web.servlet.handler.SimpleUrlHandlerMapping - Mapped URL path [/**/favicon.ico] onto handler of type [class org.springframework.web.servlet.resource.ResourceHttpRequestHandler]
2019-04-04 16:57:15.632 [main] INFO  org.springframework.jmx.export.annotation.AnnotationMBeanExporter - Registering beans for JMX exposure on startup
2019-04-04 16:57:15.640 [main] INFO  org.springframework.context.support.DefaultLifecycleProcessor - Starting beans in phase 2147483647
2019-04-04 16:57:15.641 [main] INFO  springfox.documentation.spring.web.plugins.DocumentationPluginsBootstrapper - Context refreshed
2019-04-04 16:57:15.676 [main] INFO  springfox.documentation.spring.web.plugins.DocumentationPluginsBootstrapper - Found 1 custom documentation plugin(s)
2019-04-04 16:57:15.699 [main] INFO  springfox.documentation.spring.web.scanners.ApiListingReferenceScanner - Scanning for api listing references
2019-04-04 16:57:16.377 [main] ERROR org.apache.coyote.http11.Http11NioProtocol - Failed to start end point associated with ProtocolHandler ["http-nio-7777"]
java.net.BindException: Address already in use: bind
	at sun.nio.ch.Net.bind0(Native Method)
	at sun.nio.ch.Net.bind(Net.java:433)
	at sun.nio.ch.Net.bind(Net.java:425)
	at sun.nio.ch.ServerSocketChannelImpl.bind(ServerSocketChannelImpl.java:223)
	at sun.nio.ch.ServerSocketAdaptor.bind(ServerSocketAdaptor.java:74)
	at org.apache.tomcat.util.net.NioEndpoint.bind(NioEndpoint.java:210)
	at org.apache.tomcat.util.net.AbstractEndpoint.start(AbstractEndpoint.java:978)
	at org.apache.coyote.AbstractProtocol.start(AbstractProtocol.java:628)
	at org.apache.catalina.connector.Connector.startInternal(Connector.java:993)
	at org.apache.catalina.util.LifecycleBase.start(LifecycleBase.java:150)
	at org.apache.catalina.core.StandardService.addConnector(StandardService.java:225)
	at org.springframework.boot.context.embedded.tomcat.TomcatEmbeddedServletContainer.addPreviouslyRemovedConnectors(TomcatEmbeddedServletContainer.java:247)
	at org.springframework.boot.context.embedded.tomcat.TomcatEmbeddedServletContainer.start(TomcatEmbeddedServletContainer.java:190)
	at org.springframework.boot.context.embedded.EmbeddedWebApplicationContext.startEmbeddedServletContainer(EmbeddedWebApplicationContext.java:297)
	at org.springframework.boot.context.embedded.EmbeddedWebApplicationContext.finishRefresh(EmbeddedWebApplicationContext.java:145)
	at org.springframework.context.support.AbstractApplicationContext.refresh(AbstractApplicationContext.java:545)
	at org.springframework.boot.context.embedded.EmbeddedWebApplicationContext.refresh(EmbeddedWebApplicationContext.java:122)
	at org.springframework.boot.SpringApplication.refresh(SpringApplication.java:737)
	at org.springframework.boot.SpringApplication.refreshContext(SpringApplication.java:370)
	at org.springframework.boot.SpringApplication.run(SpringApplication.java:314)
	at org.springframework.boot.SpringApplication.run(SpringApplication.java:1162)
	at org.springframework.boot.SpringApplication.run(SpringApplication.java:1151)
	at com.course.Application.main(Application.java:14)
	at sun.reflect.NativeMethodAccessorImpl.invoke0(Native Method)
	at sun.reflect.NativeMethodAccessorImpl.invoke(NativeMethodAccessorImpl.java:62)
	at sun.reflect.DelegatingMethodAccessorImpl.invoke(DelegatingMethodAccessorImpl.java:43)
	at java.lang.reflect.Method.invoke(Method.java:498)
	at com.intellij.rt.execution.application.AppMain.main(AppMain.java:147)
2019-04-04 16:57:16.377 [main] ERROR org.apache.catalina.core.StandardService - Failed to start connector [Connector[HTTP/1.1-7777]]
org.apache.catalina.LifecycleException: Failed to start component [Connector[HTTP/1.1-7777]]
	at org.apache.catalina.util.LifecycleBase.start(LifecycleBase.java:167)
	at org.apache.catalina.core.StandardService.addConnector(StandardService.java:225)
	at org.springframework.boot.context.embedded.tomcat.TomcatEmbeddedServletContainer.addPreviouslyRemovedConnectors(TomcatEmbeddedServletContainer.java:247)
	at org.springframework.boot.context.embedded.tomcat.TomcatEmbeddedServletContainer.start(TomcatEmbeddedServletContainer.java:190)
	at org.springframework.boot.context.embedded.EmbeddedWebApplicationContext.startEmbeddedServletContainer(EmbeddedWebApplicationContext.java:297)
	at org.springframework.boot.context.embedded.EmbeddedWebApplicationContext.finishRefresh(EmbeddedWebApplicationContext.java:145)
	at org.springframework.context.support.AbstractApplicationContext.refresh(AbstractApplicationContext.java:545)
	at org.springframework.boot.context.embedded.EmbeddedWebApplicationContext.refresh(EmbeddedWebApplicationContext.java:122)
	at org.springframework.boot.SpringApplication.refresh(SpringApplication.java:737)
	at org.springframework.boot.SpringApplication.refreshContext(SpringApplication.java:370)
	at org.springframework.boot.SpringApplication.run(SpringApplication.java:314)
	at org.springframework.boot.SpringApplication.run(SpringApplication.java:1162)
	at org.springframework.boot.SpringApplication.run(SpringApplication.java:1151)
	at com.course.Application.main(Application.java:14)
	at sun.reflect.NativeMethodAccessorImpl.invoke0(Native Method)
	at sun.reflect.NativeMethodAccessorImpl.invoke(NativeMethodAccessorImpl.java:62)
	at sun.reflect.DelegatingMethodAccessorImpl.invoke(DelegatingMethodAccessorImpl.java:43)
	at java.lang.reflect.Method.invoke(Method.java:498)
	at com.intellij.rt.execution.application.AppMain.main(AppMain.java:147)
Caused by: org.apache.catalina.LifecycleException: service.getName(): "Tomcat";  Protocol handler start failed
	at org.apache.catalina.connector.Connector.startInternal(Connector.java:1000)
	at org.apache.catalina.util.LifecycleBase.start(LifecycleBase.java:150)
	... 18 common frames omitted
Caused by: java.net.BindException: Address already in use: bind
	at sun.nio.ch.Net.bind0(Native Method)
	at sun.nio.ch.Net.bind(Net.java:433)
	at sun.nio.ch.Net.bind(Net.java:425)
	at sun.nio.ch.ServerSocketChannelImpl.bind(ServerSocketChannelImpl.java:223)
	at sun.nio.ch.ServerSocketAdaptor.bind(ServerSocketAdaptor.java:74)
	at org.apache.tomcat.util.net.NioEndpoint.bind(NioEndpoint.java:210)
	at org.apache.tomcat.util.net.AbstractEndpoint.start(AbstractEndpoint.java:978)
	at org.apache.coyote.AbstractProtocol.start(AbstractProtocol.java:628)
	at org.apache.catalina.connector.Connector.startInternal(Connector.java:993)
	... 19 common frames omitted
2019-04-04 16:57:16.391 [main] INFO  org.apache.catalina.core.StandardService - Stopping service Tomcat
2019-04-04 16:57:16.427 [main] INFO  o.s.boot.autoconfigure.logging.AutoConfigurationReportLoggingInitializer - 

Error starting ApplicationContext. To display the auto-configuration report re-run your application with 'debug' enabled.
2019-04-04 16:57:16.431 [main] ERROR org.springframework.boot.diagnostics.LoggingFailureAnalysisReporter - 

***************************
APPLICATION FAILED TO START
***************************

Description:

The Tomcat connector configured to listen on port 7777 failed to start. The port may already be in use or the connector may be misconfigured.

Action:

Verify the connector's configuration, identify and stop any process that's listening on port 7777, or configure this application to listen on another port.

2019-04-04 16:57:16.432 [main] INFO  o.s.boot.context.embedded.AnnotationConfigEmbeddedWebApplicationContext - Closing org.springframework.boot.context.embedded.AnnotationConfigEmbeddedWebApplicationContext@478190fc: startup date [Thu Apr 04 16:57:07 CST 2019]; root of context hierarchy
2019-04-04 16:57:16.436 [main] INFO  org.springframework.context.support.DefaultLifecycleProcessor - Stopping beans in phase 2147483647
2019-04-04 16:57:16.437 [main] INFO  org.springframework.jmx.export.annotation.AnnotationMBeanExporter - Unregistering JMX-exposed beans on shutdown
2019-04-04 16:57:55.785 [main] INFO  com.course.Application - Starting Application on lilin2017122 with PID 15644 (F:\git\ApiAutoTest\Chapter13\target\classes started by lil in F:\git\ApiAutoTest)
2019-04-04 16:57:55.790 [main] INFO  com.course.Application - No active profile set, falling back to default profiles: default
2019-04-04 16:57:55.963 [main] INFO  o.s.boot.context.embedded.AnnotationConfigEmbeddedWebApplicationContext - Refreshing org.springframework.boot.context.embedded.AnnotationConfigEmbeddedWebApplicationContext@478190fc: startup date [Thu Apr 04 16:57:55 CST 2019]; root of context hierarchy
2019-04-04 16:57:59.039 [main] WARN  org.mybatis.spring.mapper.ClassPathMapperScanner - No MyBatis mapper was found in '[com.course]' package. Please check your configuration.
2019-04-04 16:57:59.858 [main] INFO  o.s.context.support.PostProcessorRegistrationDelegate$BeanPostProcessorChecker - Bean 'org.springframework.transaction.annotation.ProxyTransactionManagementConfiguration' of type [org.springframework.transaction.annotation.ProxyTransactionManagementConfiguration$$EnhancerBySpringCGLIB$$8628216f] is not eligible for getting processed by all BeanPostProcessors (for example: not eligible for auto-proxying)
2019-04-04 16:58:01.011 [main] INFO  org.springframework.boot.context.embedded.tomcat.TomcatEmbeddedServletContainer - Tomcat initialized with port(s): 7788 (http)
2019-04-04 16:58:01.031 [main] INFO  org.apache.catalina.core.StandardService - Starting service Tomcat
2019-04-04 16:58:01.032 [main] INFO  org.apache.catalina.core.StandardEngine - Starting Servlet Engine: Apache Tomcat/8.5.14
2019-04-04 16:58:01.281 [localhost-startStop-1] INFO  org.apache.catalina.core.ContainerBase.[Tomcat].[localhost].[/] - Initializing Spring embedded WebApplicationContext
2019-04-04 16:58:01.283 [localhost-startStop-1] INFO  org.springframework.web.context.ContextLoader - Root WebApplicationContext: initialization completed in 5320 ms
2019-04-04 16:58:01.558 [localhost-startStop-1] INFO  org.springframework.boot.web.servlet.ServletRegistrationBean - Mapping servlet: 'dispatcherServlet' to [/]
2019-04-04 16:58:01.566 [localhost-startStop-1] INFO  org.springframework.boot.web.servlet.FilterRegistrationBean - Mapping filter: 'characterEncodingFilter' to: [/*]
2019-04-04 16:58:01.569 [localhost-startStop-1] INFO  org.springframework.boot.web.servlet.FilterRegistrationBean - Mapping filter: 'hiddenHttpMethodFilter' to: [/*]
2019-04-04 16:58:01.570 [localhost-startStop-1] INFO  org.springframework.boot.web.servlet.FilterRegistrationBean - Mapping filter: 'httpPutFormContentFilter' to: [/*]
2019-04-04 16:58:01.570 [localhost-startStop-1] INFO  org.springframework.boot.web.servlet.FilterRegistrationBean - Mapping filter: 'requestContextFilter' to: [/*]
2019-04-04 16:58:03.437 [main] INFO  o.springframework.web.servlet.mvc.method.annotation.RequestMappingHandlerMapping - Mapped "{[/v1/getUserInfo],methods=[POST]}" onto public java.util.List<com.course.model.User> com.course.controller.UserManager.getUserInfo(javax.servlet.http.HttpServletRequest,com.course.model.User)
2019-04-04 16:58:03.438 [main] INFO  o.springframework.web.servlet.mvc.method.annotation.RequestMappingHandlerMapping - Mapped "{[/v1/updateUserInfo],methods=[POST]}" onto public int com.course.controller.UserManager.updateUser(javax.servlet.http.HttpServletRequest,com.course.model.User)
2019-04-04 16:58:03.439 [main] INFO  o.springframework.web.servlet.mvc.method.annotation.RequestMappingHandlerMapping - Mapped "{[/v1/login],methods=[POST]}" onto public java.lang.Boolean com.course.controller.UserManager.login(javax.servlet.http.HttpServletResponse,com.course.model.User)
2019-04-04 16:58:03.440 [main] INFO  o.springframework.web.servlet.mvc.method.annotation.RequestMappingHandlerMapping - Mapped "{[/v1/addUser],methods=[POST]}" onto public boolean com.course.controller.UserManager.addUser(javax.servlet.http.HttpServletRequest,com.course.model.User)
2019-04-04 16:58:03.442 [main] INFO  o.springframework.web.servlet.mvc.method.annotation.RequestMappingHandlerMapping - Mapped "{[/v2/api-docs],methods=[GET],produces=[application/json || application/hal+json]}" onto public org.springframework.http.ResponseEntity<springfox.documentation.spring.web.json.Json> springfox.documentation.swagger2.web.Swagger2Controller.getDocumentation(java.lang.String,javax.servlet.http.HttpServletRequest)
2019-04-04 16:58:03.448 [main] INFO  o.springframework.web.servlet.mvc.method.annotation.RequestMappingHandlerMapping - Mapped "{[/swagger-resources/configuration/ui]}" onto org.springframework.http.ResponseEntity<springfox.documentation.swagger.web.UiConfiguration> springfox.documentation.swagger.web.ApiResourceController.uiConfiguration()
2019-04-04 16:58:03.449 [main] INFO  o.springframework.web.servlet.mvc.method.annotation.RequestMappingHandlerMapping - Mapped "{[/swagger-resources]}" onto org.springframework.http.ResponseEntity<java.util.List<springfox.documentation.swagger.web.SwaggerResource>> springfox.documentation.swagger.web.ApiResourceController.swaggerResources()
2019-04-04 16:58:03.451 [main] INFO  o.springframework.web.servlet.mvc.method.annotation.RequestMappingHandlerMapping - Mapped "{[/swagger-resources/configuration/security]}" onto org.springframework.http.ResponseEntity<springfox.documentation.swagger.web.SecurityConfiguration> springfox.documentation.swagger.web.ApiResourceController.securityConfiguration()
2019-04-04 16:58:03.457 [main] INFO  o.springframework.web.servlet.mvc.method.annotation.RequestMappingHandlerMapping - Mapped "{[/error]}" onto public org.springframework.http.ResponseEntity<java.util.Map<java.lang.String, java.lang.Object>> org.springframework.boot.autoconfigure.web.BasicErrorController.error(javax.servlet.http.HttpServletRequest)
2019-04-04 16:58:03.457 [main] INFO  o.springframework.web.servlet.mvc.method.annotation.RequestMappingHandlerMapping - Mapped "{[/error],produces=[text/html]}" onto public org.springframework.web.servlet.ModelAndView org.springframework.boot.autoconfigure.web.BasicErrorController.errorHtml(javax.servlet.http.HttpServletRequest,javax.servlet.http.HttpServletResponse)
2019-04-04 16:58:03.795 [main] INFO  o.springframework.web.servlet.mvc.method.annotation.RequestMappingHandlerAdapter - Looking for @ControllerAdvice: org.springframework.boot.context.embedded.AnnotationConfigEmbeddedWebApplicationContext@478190fc: startup date [Thu Apr 04 16:57:55 CST 2019]; root of context hierarchy
2019-04-04 16:58:03.887 [main] INFO  org.springframework.web.servlet.handler.SimpleUrlHandlerMapping - Mapped URL path [/webjars/**] onto handler of type [class org.springframework.web.servlet.resource.ResourceHttpRequestHandler]
2019-04-04 16:58:03.887 [main] INFO  org.springframework.web.servlet.handler.SimpleUrlHandlerMapping - Mapped URL path [/**] onto handler of type [class org.springframework.web.servlet.resource.ResourceHttpRequestHandler]
2019-04-04 16:58:03.956 [main] INFO  org.springframework.web.servlet.handler.SimpleUrlHandlerMapping - Mapped URL path [/**/favicon.ico] onto handler of type [class org.springframework.web.servlet.resource.ResourceHttpRequestHandler]
2019-04-04 16:58:04.349 [main] INFO  org.springframework.jmx.export.annotation.AnnotationMBeanExporter - Registering beans for JMX exposure on startup
2019-04-04 16:58:04.358 [main] INFO  org.springframework.context.support.DefaultLifecycleProcessor - Starting beans in phase 2147483647
2019-04-04 16:58:04.358 [main] INFO  springfox.documentation.spring.web.plugins.DocumentationPluginsBootstrapper - Context refreshed
2019-04-04 16:58:04.378 [main] INFO  springfox.documentation.spring.web.plugins.DocumentationPluginsBootstrapper - Found 1 custom documentation plugin(s)
2019-04-04 16:58:04.397 [main] INFO  springfox.documentation.spring.web.scanners.ApiListingReferenceScanner - Scanning for api listing references
2019-04-04 16:58:04.971 [main] INFO  org.springframework.boot.context.embedded.tomcat.TomcatEmbeddedServletContainer - Tomcat started on port(s): 7788 (http)
2019-04-04 16:58:04.984 [main] INFO  com.course.Application - Started Application in 9.804 seconds (JVM running for 10.857)
2019-04-04 16:59:50.474 [http-nio-7788-exec-8] INFO  org.apache.catalina.core.ContainerBase.[Tomcat].[localhost].[/] - Initializing Spring FrameworkServlet 'dispatcherServlet'
2019-04-04 16:59:50.475 [http-nio-7788-exec-8] INFO  org.springframework.web.servlet.DispatcherServlet - FrameworkServlet 'dispatcherServlet': initialization started
2019-04-04 16:59:50.496 [http-nio-7788-exec-8] INFO  org.springframework.web.servlet.DispatcherServlet - FrameworkServlet 'dispatcherServlet': initialization completed in 21 ms
2019-04-04 16:59:51.055 [http-nio-7788-exec-8] INFO  com.course.controller.UserManager - 查看到的结果是1
2019-04-04 16:59:51.151 [http-nio-7788-exec-9] INFO  com.course.controller.UserManager - 查看到的结果是0
2019-04-04 16:59:51.199 [http-nio-7788-exec-5] INFO  com.course.controller.UserManager - cookies验证通过
2019-04-04 16:59:51.203 [http-nio-7788-exec-5] INFO  com.course.controller.UserManager - 添加用户的数量是:1
2019-04-04 17:00:41.288 [http-nio-7788-exec-1] INFO  com.course.controller.UserManager - cookies验证通过
2019-04-04 17:00:41.345 [http-nio-7788-exec-1] INFO  com.course.controller.UserManager - getUserInfo获取到的用户数量是2
2019-04-04 17:00:41.651 [http-nio-7788-exec-7] INFO  com.course.controller.UserManager - cookies验证通过
2019-04-04 17:00:41.654 [http-nio-7788-exec-7] INFO  com.course.controller.UserManager - getUserInfo获取到的用户数量是1
2019-04-04 17:00:41.709 [http-nio-7788-exec-6] INFO  com.course.controller.UserManager - cookies验证通过
2019-04-04 17:00:41.726 [http-nio-7788-exec-6] INFO  com.course.controller.UserManager - 更新数据的条目数为:1
2019-04-04 17:01:31.815 [http-nio-7788-exec-4] INFO  com.course.controller.UserManager - cookies验证通过
2019-04-04 17:01:31.823 [http-nio-7788-exec-4] INFO  com.course.controller.UserManager - 更新数据的条目数为:1
2019-04-04 17:06:02.131 [http-nio-7788-exec-2] INFO  com.course.controller.UserManager - 查看到的结果是1
2019-04-04 17:06:02.182 [http-nio-7788-exec-3] INFO  com.course.controller.UserManager - 查看到的结果是0
2019-04-04 17:06:02.218 [http-nio-7788-exec-8] INFO  com.course.controller.UserManager - cookies验证通过
2019-04-04 17:06:02.224 [http-nio-7788-exec-8] INFO  com.course.controller.UserManager - 添加用户的数量是:1
2019-04-04 17:06:52.328 [http-nio-7788-exec-9] INFO  com.course.controller.UserManager - cookies验证通过
2019-04-04 17:06:52.333 [http-nio-7788-exec-9] INFO  com.course.controller.UserManager - getUserInfo获取到的用户数量是2
2019-04-04 17:06:52.634 [http-nio-7788-exec-5] INFO  com.course.controller.UserManager - cookies验证通过
2019-04-04 17:06:52.638 [http-nio-7788-exec-5] INFO  com.course.controller.UserManager - getUserInfo获取到的用户数量是1
2019-04-04 17:06:52.688 [http-nio-7788-exec-1] INFO  com.course.controller.UserManager - cookies验证通过
2019-04-04 17:06:52.694 [http-nio-7788-exec-1] INFO  com.course.controller.UserManager - 更新数据的条目数为:1
2019-04-04 17:08:37.178 [http-nio-7788-exec-6] INFO  com.course.controller.UserManager - 查看到的结果是1
2019-04-04 17:08:37.229 [http-nio-7788-exec-4] INFO  com.course.controller.UserManager - 查看到的结果是0
2019-04-04 17:08:37.267 [http-nio-7788-exec-10] INFO  com.course.controller.UserManager - cookies验证通过
2019-04-04 17:08:37.294 [http-nio-7788-exec-10] INFO  com.course.controller.UserManager - 添加用户的数量是:1
2019-04-04 17:08:39.405 [http-nio-7788-exec-2] INFO  com.course.controller.UserManager - cookies验证通过
2019-04-04 17:08:39.409 [http-nio-7788-exec-2] INFO  com.course.controller.UserManager - getUserInfo获取到的用户数量是2
2019-04-04 17:08:39.719 [http-nio-7788-exec-3] INFO  com.course.controller.UserManager - cookies验证通过
2019-04-04 17:08:39.723 [http-nio-7788-exec-3] INFO  com.course.controller.UserManager - getUserInfo获取到的用户数量是1
2019-04-04 17:08:39.769 [http-nio-7788-exec-8] INFO  com.course.controller.UserManager - cookies验证通过
2019-04-04 17:08:39.776 [http-nio-7788-exec-8] INFO  com.course.controller.UserManager - 更新数据的条目数为:1
2019-04-04 17:08:41.837 [http-nio-7788-exec-9] INFO  com.course.controller.UserManager - cookies验证通过
2019-04-04 17:08:41.845 [http-nio-7788-exec-9] INFO  com.course.controller.UserManager - 更新数据的条目数为:1
2019-04-04 17:12:42.576 [http-nio-7788-exec-1] INFO  com.course.controller.UserManager - 查看到的结果是1
2019-04-04 17:12:42.625 [http-nio-7788-exec-7] INFO  com.course.controller.UserManager - 查看到的结果是0
2019-04-04 17:12:42.661 [http-nio-7788-exec-6] INFO  com.course.controller.UserManager - cookies验证通过
2019-04-04 17:12:42.669 [http-nio-7788-exec-6] INFO  com.course.controller.UserManager - 添加用户的数量是:1
2019-04-04 17:12:44.815 [http-nio-7788-exec-4] INFO  com.course.controller.UserManager - cookies验证通过
2019-04-04 17:12:44.819 [http-nio-7788-exec-4] INFO  com.course.controller.UserManager - getUserInfo获取到的用户数量是2
2019-04-04 17:12:45.126 [http-nio-7788-exec-10] INFO  com.course.controller.UserManager - cookies验证通过
2019-04-04 17:12:45.129 [http-nio-7788-exec-10] INFO  com.course.controller.UserManager - getUserInfo获取到的用户数量是1
2019-04-04 17:12:45.168 [http-nio-7788-exec-2] INFO  com.course.controller.UserManager - cookies验证通过
2019-04-04 17:12:45.175 [http-nio-7788-exec-2] INFO  com.course.controller.UserManager - 更新数据的条目数为:1
2019-04-04 17:12:47.264 [http-nio-7788-exec-3] INFO  com.course.controller.UserManager - cookies验证通过
2019-04-04 17:12:47.270 [http-nio-7788-exec-3] INFO  com.course.controller.UserManager - 更新数据的条目数为:1
